2022-08-24	02:35:12		1661333712	4	4	4729771609	Settings World=Solo
2022-08-24	02:35:12		1661333712	5	4	4729771609	PreDownloadAssets=1
2022-08-24	02:35:12		1661333712	6	4	4729771609	Server=127.0.0.1:20260
2022-08-24	02:35:12		1661333712	7	4	4729771609	inifile=ClientConfig.ini
2022-08-24	02:35:12		1661333712	8	4	4729771609	Guid=1
2022-08-24	02:35:12		1661333712	9	4	4729771609	Ticket=DWCq3TMkGwj9ZZt
2022-08-24	02:35:12		1661333712	10	4	4729771609	ShowMemberLoadingScreen=0
2022-08-24	02:35:12		1661333712	11	4	4729771609	Country=US
2022-08-24	02:35:12		1661333712	12	4	4729771609	key=m80HqsRO9i4PjJSCOasVMg==
2022-08-24	02:35:12		1661333712	13	4	4729771609	CasSessionId=Jk6TeiRMc4Ba38NO
2022-08-24	02:35:12		1661333712	14	4	4729771609	
[Paths]
2022-08-24	02:35:12		1661333712	15	4	4729771611	PathScripts=.\Resources\Scripts\
2022-08-24	02:35:12		1661333712	16	4	4729771611	PathUiModules=.\UI\UiModules\
2022-08-24	02:35:12		1661333712	17	4	4729771611	
[Libraries]
2022-08-24	02:35:12		1661333712	18	4	4729771611	GraphicsDLL=.\GraphicsDriver.dll
2022-08-24	02:35:12		1661333712	19	4	4729771611	GraphicsDLLd=.\GraphicsDriver.dll
2022-08-24	02:35:12		1661333712	20	4	4729771611	GraphicsDllDataPath=.\
2022-08-24	02:35:12		1661333712	21	4	4729771611	
[Internationalization]
2022-08-24	02:35:12		1661333712	22	4	4729771612	Locale=8
2022-08-24	02:35:12		1661333712	23	4	4729771612	
[AssetDelivery]
2022-08-24	02:35:12		1661333712	24	4	4729771612	IndirectServerAddress=http://localhost/ofr/
2022-08-24	02:35:12		1661333712	25	4	4729771612	TcgServerAddress=http://localhost/ofr/
2022-08-24	02:35:12		1661333712	26	4	4729771612	
[Portrait]
2022-08-24	02:35:12		1661333712	27	4	4729771612	UploadUrl=http://www.freerealms.com/image/imageUpload.action
2022-08-24	02:35:12		1661333712	28	4	4729771612	
[CrashReporter]
2022-08-24	02:35:12		1661333712	29	4	4729771612	Address=lvsadp-recap01.station.sony.com
2022-08-24	02:35:12		1661333712	30	4	4729771612	
[WebResources]
2022-08-24	02:35:12		1661333712	31	4	4729771612	GameCrashUrl=http://freerealms.station.sony.com/knowledgebase/view.action?code=G
2022-08-24	02:35:12		1661333712	32	4	4729771612	GameLeaderBoardUrl=http://www.freerealms.com/ingameleaderboard/leaderboardScores.action?
2022-08-24	02:35:12		1661333712	33	4	4729771612	
[LoadingScreen]
2022-08-24	02:35:12		1661333712	34	4	4729771612	LoadingScreenMusicId=16313
2022-08-24	02:35:12		1661333712	35	4	4729771612	
[Inspect]
2022-08-24	02:35:12		1661333712	36	4	4729771612	Pedestal=sg_pedestal_01.adr
2022-08-24	02:35:12		1661333712	37	4	4729771612	
[LiveGamer]
2022-08-24	02:35:12		1661333712	38	4	4729771612	Address=https://exchange.livegamer.com/
2022-08-24	02:35:12		1661333712	39	4	4729771612	
[INGAMEPURCHASE]
2022-08-24	02:35:12		1661333712	40	4	4729771612	CasPlatform=auth
2022-08-24	02:35:12		1661333712	41	4	4729771612	CasCert=soe-ssl-certs.pem
2022-08-24	02:35:12		1661333712	42	4	4729771612	UramPlatform=account
2022-08-24	02:35:12		1661333712	43	4	4729771612	UramCert=soe-ssl-certs.pem
2022-08-24	02:35:12		1661333712	44	4	4729771612	UramTheme=freerealms
2022-08-24	02:35:12		1661333712	45	4	4729771612	

2022-08-24	02:35:12		1661333712	46	4	4729771612	Settings inifile=ClientConfig.ini
2022-08-24	02:35:12		1661333712	47	4	4729771612	Guid=1
2022-08-24	02:35:12		1661333712	48	4	4729771612	Server=127.0.0.1:20260
2022-08-24	02:35:12		1661333712	49	4	4729771612	Ticket=DWCq3TMkGwj9ZZt
2022-08-24	02:35:12		1661333712	50	4	4729771612	ShowMemberLoadingScreen=0
2022-08-24	02:35:12		1661333712	51	4	4729771612	Country=US
2022-08-24	02:35:12		1661333712	52	4	4729771612	key=m80HqsRO9i4PjJSCOasVMg==
2022-08-24	02:35:12		1661333712	53	4	4729771612	CasSessionId=Jk6TeiRMc4Ba38NO
2022-08-24	02:35:12		1661333712	54	4	4729771612	Environment=live
2022-08-24	02:35:12		1661333712	55	4	4729771612	
[Internationalization]
2022-08-24	02:35:12		1661333712	56	4	4729771612	Locale=8
2022-08-24	02:35:12		1661333712	57	4	4729771612	
[GameAccountManagement]
2022-08-24	02:35:12		1661333712	58	4	4729771612	UriRoot=http://www.freerealms.com/pcws
2022-08-24	02:35:12		1661333712	59	4	4729771612	

