2022-08-24	02:35:14		1661333712	176	2	4729773244	Resources/Images/Images.txt:  ERROR:  ImageId 393 and 622 both reference file ui_dialog_bluebuttonUp.dds! (622 filtered out)
2022-08-24	02:35:14		1661333712	177	2	4729773244	Resources/Images/Images.txt:  ERROR:  ImageId 394 and 623 both reference file ui_dialog_bluebuttonDown.dds! (623 filtered out)
2022-08-24	02:35:14		1661333712	178	2	4729773245	Resources/Images/Images.txt:  ERROR:  ImageId 395 and 624 both reference file ui_dialog_bluebuttonRoll.dds! (624 filtered out)
2022-08-24	02:35:14		1661333712	179	2	4729773245	Resources/Images/Images.txt:  ERROR:  ImageId 673 and 893 both reference file icon_ui_combatstart_panelgraphic_hiddenvalley.dds! (893 filtered out)
2022-08-24	02:35:14		1661333712	180	2	4729773246	Resources/Images/Images.txt:  ERROR:  ImageId 1084 and 1146 both reference file icon_minigame_gem_amethyst_64.dds! (1146 filtered out)
2022-08-24	02:35:14		1661333712	181	2	4729773246	Resources/Images/Images.txt:  ERROR:  ImageId 1085 and 1147 both reference file icon_minigame_gem_fireagate_64.dds! (1147 filtered out)
2022-08-24	02:35:14		1661333712	182	2	4729773246	Resources/Images/Images.txt:  ERROR:  ImageId 1086 and 1148 both reference file icon_minigame_gem_garnet_64.dds! (1148 filtered out)
2022-08-24	02:35:14		1661333712	183	2	4729773246	Resources/Images/Images.txt:  ERROR:  ImageId 1087 and 1149 both reference file icon_minigame_gem_malachite_64.dds! (1149 filtered out)
2022-08-24	02:35:14		1661333712	184	2	4729773246	Resources/Images/Images.txt:  ERROR:  ImageId 1088 and 1150 both reference file icon_minigame_gem_moonstone_64.dds! (1150 filtered out)
2022-08-24	02:35:14		1661333712	185	2	4729773246	Resources/Images/Images.txt:  ERROR:  ImageId 1089 and 1151 both reference file icon_minigame_gem_onyx_64.dds! (1151 filtered out)
2022-08-24	02:35:14		1661333712	186	2	4729773246	Resources/Images/Images.txt:  ERROR:  ImageId 1090 and 1152 both reference file icon_minigame_gem_ruby_64.dds! (1152 filtered out)
2022-08-24	02:35:14		1661333712	187	2	4729773246	Resources/Images/Images.txt:  ERROR:  ImageId 1091 and 1153 both reference file icon_minigame_gem_topaz_64.dds! (1153 filtered out)
2022-08-24	02:35:14		1661333712	188	2	4729773246	Resources/Images/Images.txt:  ERROR:  ImageId 1092 and 1154 both reference file icon_minigame_gem_tourmaline_64.dds! (1154 filtered out)
2022-08-24	02:35:14		1661333712	189	2	4729773246	Resources/Images/Images.txt:  ERROR:  ImageId 1093 and 1155 both reference file icon_minigame_gem_turquoise_64.dds! (1155 filtered out)
2022-08-24	02:35:14		1661333712	190	2	4729773246	Resources/Images/Images.txt:  ERROR:  ImageId 1239 and 1253 both reference file icon_potion_red_sm_32.dds! (1253 filtered out)
2022-08-24	02:35:14		1661333712	191	2	4729773246	Resources/Images/Images.txt:  ERROR:  ImageId 1240 and 1254 both reference file icon_potion_red_lg_32.dds! (1254 filtered out)
2022-08-24	02:35:14		1661333712	192	2	4729773246	Resources/Images/Images.txt:  ERROR:  ImageId 1259 and 1273 both reference file icon_potion_red_sm_64.dds! (1273 filtered out)
2022-08-24	02:35:14		1661333712	193	2	4729773246	Resources/Images/Images.txt:  ERROR:  ImageId 1260 and 1274 both reference file icon_potion_red_lg_64.dds! (1274 filtered out)
2022-08-24	02:35:14		1661333712	194	2	4729773246	Resources/Images/Images.txt:  ERROR:  ImageId 1279 and 1293 both reference file icon_potion_red_sm_128.dds! (1293 filtered out)
2022-08-24	02:35:14		1661333712	195	2	4729773246	Resources/Images/Images.txt:  ERROR:  ImageId 1280 and 1294 both reference file icon_potion_red_lg_128.dds! (1294 filtered out)
2022-08-24	02:35:14		1661333712	196	2	4729773246	Resources/Images/Images.txt:  ERROR:  ImageId 1080 and 1336 both reference file icon_job_blacksmith_64.dds! (1336 filtered out)
2022-08-24	02:35:14		1661333712	197	2	4729773246	Resources/Images/Images.txt:  ERROR:  ImageId 1083 and 1341 both reference file icon_job_miner_64.dds! (1341 filtered out)
2022-08-24	02:35:14		1661333712	198	2	4729773250	Resources/Images/Images.txt:  ERROR:  ImageId 3859 and 3932 both reference file ui_displayarrowsup.dds! (3932 filtered out)
2022-08-24	02:35:14		1661333712	199	2	4729773250	Resources/Images/Images.txt:  ERROR:  ImageId 3860 and 3933 both reference file ui_displayarrowsroll.dds! (3933 filtered out)
2022-08-24	02:35:14		1661333712	200	2	4729773250	Resources/Images/Images.txt:  ERROR:  ImageId 3862 and 3934 both reference file ui_atlasup.dds! (3934 filtered out)
2022-08-24	02:35:14		1661333712	201	2	4729773250	Resources/Images/Images.txt:  ERROR:  ImageId 3861 and 3935 both reference file ui_atlasroll.dds! (3935 filtered out)
2022-08-24	02:35:14		1661333712	202	2	4729773251	Resources/Images/Images.txt:  ERROR:  ImageId 4637 and 4640 both reference file icon_category_new_items_64.dds! (4640 filtered out)
2022-08-24	02:35:14		1661333712	203	2	4729773259	Resources/Images/Images.txt:  ERROR:  ImageId 5063 and 8045 both reference file icon_item_spoon_bent_128.dds! (8045 filtered out)
2022-08-24	02:35:14		1661333712	204	2	4729773259	Resources/Images/Images.txt:  ERROR:  ImageId 5064 and 8046 both reference file icon_item_spoon_bent_32.dds! (8046 filtered out)
2022-08-24	02:35:14		1661333712	205	2	4729773259	Resources/Images/Images.txt:  ERROR:  ImageId 5065 and 8047 both reference file icon_item_spoon_bent_64.dds! (8047 filtered out)
2022-08-24	02:35:14		1661333712	206	2	4729773259	Resources/Images/Images.txt:  ERROR:  ImageId 7784 and 9000 both reference file icon_item_effect_crafting_16.dds! (9000 filtered out)
2022-08-24	02:35:14		1661333712	207	2	4729773259	Resources/Images/Images.txt:  ERROR:  ImageId 7785 and 9001 both reference file icon_item_effect_crafting_32.dds! (9001 filtered out)
2022-08-24	02:35:14		1661333712	208	2	4729773259	Resources/Images/Images.txt:  ERROR:  ImageId 7786 and 9002 both reference file icon_item_effect_crafting_reach_16.dds! (9002 filtered out)
2022-08-24	02:35:14		1661333712	209	2	4729773259	Resources/Images/Images.txt:  ERROR:  ImageId 7787 and 9003 both reference file icon_item_effect_crafting_reach_32.dds! (9003 filtered out)
2022-08-24	02:35:14		1661333712	210	2	4729773259	Resources/Images/Images.txt:  ERROR:  ImageId 7788 and 9004 both reference file icon_item_effect_crafting_sense_16.dds! (9004 filtered out)
2022-08-24	02:35:14		1661333712	211	2	4729773259	Resources/Images/Images.txt:  ERROR:  ImageId 7789 and 9005 both reference file icon_item_effect_crafting_sense_32.dds! (9005 filtered out)
2022-08-24	02:35:14		1661333712	212	2	4729773259	Resources/Images/Images.txt:  ERROR:  ImageId 7790 and 9006 both reference file icon_item_effect_crafting_speed_16.dds! (9006 filtered out)
2022-08-24	02:35:14		1661333712	213	2	4729773259	Resources/Images/Images.txt:  ERROR:  ImageId 7791 and 9007 both reference file icon_item_effect_crafting_speed_32.dds! (9007 filtered out)
2022-08-24	02:35:14		1661333712	214	2	4729773259	Resources/Images/Images.txt:  ERROR:  ImageId 7792 and 9008 both reference file icon_item_effect_crafting_strength_16.dds! (9008 filtered out)
2022-08-24	02:35:14		1661333712	215	2	4729773259	Resources/Images/Images.txt:  ERROR:  ImageId 7793 and 9009 both reference file icon_item_effect_crafting_strength_32.dds! (9009 filtered out)
2022-08-24	02:35:14		1661333712	216	2	4729773259	Resources/Images/Images.txt:  ERROR:  ImageId 7794 and 9010 both reference file icon_item_effect_crafting_subtlety_16.dds! (9010 filtered out)
2022-08-24	02:35:14		1661333712	217	2	4729773259	Resources/Images/Images.txt:  ERROR:  ImageId 7795 and 9011 both reference file icon_item_effect_crafting_subtlety_32.dds! (9011 filtered out)
2022-08-24	02:35:14		1661333712	218	2	4729773259	Resources/Images/Images.txt:  ERROR:  ImageId 7796 and 9012 both reference file icon_item_effect_match_advantage_16.dds! (9012 filtered out)
2022-08-24	02:35:14		1661333712	219	2	4729773259	Resources/Images/Images.txt:  ERROR:  ImageId 7797 and 9013 both reference file icon_item_effect_match_advantage_32.dds! (9013 filtered out)
2022-08-24	02:35:14		1661333712	220	2	4729773259	Resources/Images/Images.txt:  ERROR:  ImageId 7798 and 9014 both reference file icon_item_effect_match_fortune_16.dds! (9014 filtered out)
2022-08-24	02:35:14		1661333712	221	2	4729773259	Resources/Images/Images.txt:  ERROR:  ImageId 7799 and 9015 both reference file icon_item_effect_match_fortune_32.dds! (9015 filtered out)
2022-08-24	02:35:14		1661333712	222	2	4729773259	Resources/Images/Images.txt:  ERROR:  ImageId 7800 and 9016 both reference file icon_item_effect_match_power_16.dds! (9016 filtered out)
2022-08-24	02:35:14		1661333712	223	2	4729773259	Resources/Images/Images.txt:  ERROR:  ImageId 7801 and 9017 both reference file icon_item_effect_match_power_32.dds! (9017 filtered out)
2022-08-24	02:35:14		1661333712	224	2	4729773264	Resources/Images/Images.txt:  ERROR:  ImageId 11208 and 11411 both reference file icon_ui_combatstart_panelgraphic_bullseye.dds! (11411 filtered out)
2022-08-24	02:35:14		1661333712	225	2	4729773286	Resources/Images/Images.txt:  ERROR:  ImageId 22803 and 22806 both reference file icon_ui_pir_flag_treasure_chest_128_bbe.dds! (22806 filtered out)
2022-08-24	02:35:14		1661333712	226	2	4729773286	Resources/Images/Images.txt:  ERROR:  ImageId 22804 and 22807 both reference file icon_ui_pir_flag_treasure_chest_64_bbe.dds! (22807 filtered out)
2022-08-24	02:35:14		1661333712	227	2	4729773286	Resources/Images/Images.txt:  ERROR:  ImageId 22805 and 22808 both reference file icon_ui_pir_flag_treasure_chest_32_bbe.dds! (22808 filtered out)
2022-08-24	02:35:14		1661333712	228	2	4729773286	Resources/Images/Images.txt:  ERROR:  ImageId 22786 and 22863 both reference file icon_numkey_button_1_32.dds! (22863 filtered out)
2022-08-24	02:35:14		1661333712	229	2	4729773286	Resources/Images/Images.txt:  ERROR:  ImageId 22788 and 22864 both reference file icon_numkey_button_2_32.dds! (22864 filtered out)
2022-08-24	02:35:14		1661333712	230	2	4729773286	Resources/Images/Images.txt:  ERROR:  ImageId 22790 and 22865 both reference file icon_numkey_button_3_32.dds! (22865 filtered out)
2022-08-24	02:35:14		1661333712	231	2	4729773286	Resources/Images/Images.txt:  ERROR:  ImageId 22792 and 22866 both reference file icon_numkey_button_4_32.dds! (22866 filtered out)
2022-08-24	02:35:14		1661333712	232	2	4729773286	Resources/Images/Images.txt:  ERROR:  ImageId 22787 and 22867 both reference file icon_numkey_button_1_64.dds! (22867 filtered out)
2022-08-24	02:35:14		1661333712	233	2	4729773286	Resources/Images/Images.txt:  ERROR:  ImageId 22789 and 22868 both reference file icon_numkey_button_2_64.dds! (22868 filtered out)
2022-08-24	02:35:14		1661333712	234	2	4729773286	Resources/Images/Images.txt:  ERROR:  ImageId 22791 and 22869 both reference file icon_numkey_button_3_64.dds! (22869 filtered out)
2022-08-24	02:35:14		1661333712	235	2	4729773286	Resources/Images/Images.txt:  ERROR:  ImageId 22793 and 22870 both reference file icon_numkey_button_4_64.dds! (22870 filtered out)
2022-08-24	02:35:14		1661333712	236	2	4729773297	Resources/Images/Images.txt:  ERROR:  ImageId 22973 and 27632 both reference file icon_abil_ninja_flame_wave_128.dds! (27632 filtered out)
2022-08-24	02:35:14		1661333712	237	2	4729773297	Resources/Images/Images.txt:  ERROR:  ImageId 26834 and 27633 both reference file icon_quake_128.dds! (27633 filtered out)
2022-08-24	02:35:14		1661333712	238	2	4729773297	Resources/Images/Images.txt:  ERROR:  ImageId 26837 and 27634 both reference file icon_super_shield_128.dds! (27634 filtered out)
2022-08-24	02:35:14		1661333712	239	2	4729773299	Resources/Images/Images.txt:  ERROR:  ImageId 26888 and 28559 both reference file icon_fish_chest_128.dds! (28559 filtered out)
2022-08-24	02:35:14		1661333712	240	2	4729773299	Resources/Images/Images.txt:  ERROR:  ImageId 26889 and 28560 both reference file icon_fish_chest_32.dds! (28560 filtered out)
2022-08-24	02:35:14		1661333712	241	2	4729773299	Resources/Images/Images.txt:  ERROR:  ImageId 26890 and 28561 both reference file icon_fish_chest_64.dds! (28561 filtered out)
2022-08-24	02:35:14		1661333712	242	2	4729773299	Resources/Images/Images.txt:  ERROR:  ImageId 17662 and 28596 both reference file icon_item_rune_circle_04_tintable_copy_128.dds! (28596 filtered out)
2022-08-24	02:35:14		1661333712	243	2	4729773299	Resources/Images/Images.txt:  ERROR:  ImageId 17663 and 28597 both reference file icon_item_rune_circle_04_tintable_copy_32.dds! (28597 filtered out)
2022-08-24	02:35:14		1661333712	244	2	4729773299	Resources/Images/Images.txt:  ERROR:  ImageId 17664 and 28598 both reference file icon_item_rune_circle_04_tintable_copy_64.dds! (28598 filtered out)
2022-08-24	02:35:14		1661333712	245	2	4729773299	Resources/Images/Images.txt:  ERROR:  ImageId 17665 and 28599 both reference file icon_item_rune_circle_04_tintable_copy_mask_128.dds! (28599 filtered out)
2022-08-24	02:35:14		1661333712	246	2	4729773299	Resources/Images/Images.txt:  ERROR:  ImageId 17666 and 28600 both reference file icon_item_rune_circle_04_tintable_copy_mask_32.dds! (28600 filtered out)
2022-08-24	02:35:14		1661333712	247	2	4729773299	Resources/Images/Images.txt:  ERROR:  ImageId 17667 and 28601 both reference file icon_item_rune_circle_04_tintable_copy_mask_64.dds! (28601 filtered out)
2022-08-24	02:35:14		1661333712	248	2	4729773306	Resources/Images/Images.txt:  ERROR:  ImageId 31620 and 31776 both reference file icon_create_hair_color_bg_mask_128.dds! (31776 filtered out)
2022-08-24	02:35:14		1661333712	249	2	4729773306	Resources/Images/Images.txt:  ERROR:  ImageId 31621 and 31850 both reference file icon_create_hair_color_bg_mask_32.dds! (31850 filtered out)
2022-08-24	02:35:14		1661333712	250	2	4729773310	Resources/Images/Images.txt:  ERROR:  ImageId 891 and 34102 both reference file forest_troll_fort_thumb.dds! (34102 filtered out)
2022-08-24	02:35:14		1661333712	251	2	4729773313	Resources/Images/Images.txt:  ERROR:  ImageId 35137 and 35686 both reference file icon_farming_fruit_seedpacket_gummyfruit_mask_128.dds! (35686 filtered out)
2022-08-24	02:35:14		1661333712	252	2	4729773316	Resources/Images/Images.txt:  ERROR:  ImageId 21074 and 37124 both reference file icon_ui_activityfinder_128.dds! (37124 filtered out)
2022-08-24	02:35:14		1661333712	253	2	4729773316	Resources/Images/Images.txt:  ERROR:  ImageId 29380 and 37125 both reference file icon_ui_ship_Eel_bbe.dds! (37125 filtered out)
2022-08-24	02:35:14		1661333712	254	2	4729773319	Resources/Images/Images.txt:  ERROR:  ImageId 8045 and 38866 both reference file icon_item_spoon_bent_128.dds! (38866 filtered out)
2022-08-24	02:35:14		1661333712	255	2	4729773319	Resources/Images/Images.txt:  ERROR:  ImageId 8046 and 38867 both reference file icon_item_spoon_bent_32.dds! (38867 filtered out)
2022-08-24	02:35:14		1661333712	256	2	4729773319	Resources/Images/Images.txt:  ERROR:  ImageId 8047 and 38868 both reference file icon_item_spoon_bent_64.dds! (38868 filtered out)
2022-08-24	02:35:14		1661333712	257	2	4729773321	Resources/Images/Images.txt:  ERROR:  ImageId 28737 and 39959 both reference file icon_item_hsg_sv_junkpile_04_decorative-junkyardentry-L1_mask_32.dds! (39959 filtered out)
2022-08-24	02:35:14		1661333712	258	2	4729773323	Resources/Images/Images.txt:  ERROR:  ImageId 1117 and 43188 both reference file icon_UI_context_trade01_64.dds! (43188 filtered out)
2022-08-24	02:35:14		1661333712	259	2	4729773323	Resources/Images/Images.txt:  ERROR:  ImageId 783 and 43189 both reference file icon_ui_friends_64.dds! (43189 filtered out)
2022-08-24	02:35:14		1661333712	260	2	4729773323	Resources/Images/Images.txt:  ERROR:  ImageId 1120 and 43190 both reference file icon_ui_friends_32.dds! (43190 filtered out)
2022-08-24	02:35:14		1661333712	261	2	4729773326	Resources/Images/Images.txt:  ERROR:  ImageId 18447 and 45283 both reference file icon_ui_guild_32.dds! (45283 filtered out)
2022-08-24	02:35:14		1661333712	262	2	4729773326	Resources/Images/Images.txt:  ERROR:  ImageId 18448 and 45284 both reference file icon_ui_guild_64.dds! (45284 filtered out)
2022-08-24	02:35:14		1661333712	263	2	4729773326	Resources/Images/Images.txt:  ERROR:  ImageId 18446 and 45285 both reference file icon_ui_guild_128.dds! (45285 filtered out)
2022-08-24	02:35:14		1661333712	264	2	4729773330	Resources/Images/Images.txt:  ERROR:  ImageId 47138 and 47166 both reference file icon_buff_herorealms_gleam_64.dds! (47166 filtered out)
2022-08-24	02:35:14		1661333712	265	2	4729773330	Resources/Images/Images.txt:  ERROR:  ImageId 47139 and 47169 both reference file icon_buff_herorealms_gloam_64.dds! (47169 filtered out)
2022-08-24	02:35:14		1661333712	266	2	4729773331	Resources/Images/Images.txt:  ERROR:  ImageId 45627 and 47733 both reference file icon_hsg_mkt_yachtlot_emptylot_128.dds! (47733 filtered out)
2022-08-24	02:35:14		1661333712	267	2	4729773331	Resources/Images/Images.txt:  ERROR:  ImageId 45628 and 47734 both reference file icon_hsg_mkt_yachtlot_emptylot_32.dds! (47734 filtered out)
2022-08-24	02:35:14		1661333712	268	2	4729773331	Resources/Images/Images.txt:  ERROR:  ImageId 45629 and 47735 both reference file icon_hsg_mkt_yachtlot_emptylot_64.dds! (47735 filtered out)
