2022-08-24	02:35:24		1661333712	673	4	4729783117	IME_Default:  WME_IME_NOTIFY: IMN_OPENSTATUSWINDOW (msg=642(0x282), wParam=0x2, lParam=0x0), RtnVal=0, Not Handled, Default Action, movie=gamedock.gfx
2022-08-24	02:35:26		1661333712	682	4	4729785213	IME_PreProcessKeyboard:   WM_LBUTTONDOWN, (Not UI Message):  msg=513(0x201), wParam=0x1, lParam=0x23d05e4), movie=gamedock.gfx
2022-08-24	02:35:26		1661333712	683	4	4729785285	IME_PreProcessKeyboard:   WM_LBUTTONUP, (Not UI Message):  msg=514(0x202), wParam=0x0, lParam=0x23d05e4), movie=gamedock.gfx
2022-08-24	02:35:27		1661333712	684	4	4729786781	IME_PreProcessKeyboard:   WM_LBUTTONDOWN, (Not UI Message):  msg=513(0x201), wParam=0x1, lParam=0x17103a4), movie=gamedock.gfx
2022-08-24	02:35:28		1661333712	685	4	4729786882	IME_PreProcessKeyboard:   WM_LBUTTONUP, (Not UI Message):  msg=514(0x202), wParam=0x0, lParam=0x16f039e), movie=gamedock.gfx
2022-08-24	02:35:28		1661333712	686	4	4729787238	IME_PreProcessKeyboard:   WM_LBUTTONDOWN, (Not UI Message):  msg=513(0x201), wParam=0x1, lParam=0x178028e), movie=gamedock.gfx
2022-08-24	02:35:28		1661333712	687	4	4729787335	IME_PreProcessKeyboard:   WM_LBUTTONUP, (Not UI Message):  msg=514(0x202), wParam=0x0, lParam=0x17a028d), movie=gamedock.gfx
2022-08-24	02:35:28		1661333712	688	4	4729787848	IME_PreProcessKeyboard:   WM_LBUTTONDOWN, (Not UI Message):  msg=513(0x201), wParam=0x1, lParam=0x1fe00b2), movie=gamedock.gfx
2022-08-24	02:35:29		1661333712	689	4	4729787938	IME_PreProcessKeyboard:   WM_LBUTTONUP, (Not UI Message):  msg=514(0x202), wParam=0x0, lParam=0x1ff00b2), movie=gamedock.gfx
2022-08-24	02:35:30		1661333712	690	4	4729789544	IME_PreProcessKeyboard:  WM_KEYDOWN, (Not UI Message):  msg=256(0x100), wParam=0x57, lParam=0x110001), movie=gamedock.gfx
2022-08-24	02:35:30		1661333712	691	4	4729789688	IME_PreProcessKeyboard:  WM_KEYDOWN, (Not UI Message):  msg=256(0x100), wParam=0x41, lParam=0x1e0001), movie=gamedock.gfx
2022-08-24	02:35:30		1661333712	692	4	4729789710	IME_PreProcessKeyboard:   WM_LBUTTONDOWN, (Not UI Message):  msg=513(0x201), wParam=0x1, lParam=0x1ae0445), movie=gamedock.gfx
2022-08-24	02:35:31		1661333712	693	4	4729789800	IME_PreProcessKeyboard:   WM_LBUTTONUP, (Not UI Message):  msg=514(0x202), wParam=0x0, lParam=0x1ae0446), movie=gamedock.gfx
2022-08-24	02:35:31		1661333712	694	4	4729789855	IME_PreProcessKeyboard:   WM_KEY_UP, (Not UI Message):  msg=257(0x101), wParam=0x57, lParam=0xc0110001), movie=gamedock.gfx
2022-08-24	02:35:31		1661333712	695	4	4729789877	IME_PreProcessKeyboard:   WM_KEY_UP, (Not UI Message):  msg=257(0x101), wParam=0x41, lParam=0xc01e0001), movie=gamedock.gfx
2022-08-24	02:35:31		1661333712	696	4	4729790272	IME_PreProcessKeyboard:   WM_LBUTTONDOWN, (Not UI Message):  msg=513(0x201), wParam=0x1, lParam=0x19f0546), movie=gamedock.gfx
2022-08-24	02:35:31		1661333712	697	4	4729790335	IME_PreProcessKeyboard:   WM_LBUTTONUP, (Not UI Message):  msg=514(0x202), wParam=0x0, lParam=0x19f0546), movie=gamedock.gfx
2022-08-24	02:35:32		1661333712	698	4	4729791418	IME_PreProcessKeyboard:   WM_LBUTTONDOWN, (Not UI Message):  msg=513(0x201), wParam=0x1, lParam=0x1e602d0), movie=gamedock.gfx
2022-08-24	02:35:32		1661333712	699	4	4729791502	IME_PreProcessKeyboard:   WM_LBUTTONUP, (Not UI Message):  msg=514(0x202), wParam=0x0, lParam=0x1e602d0), movie=gamedock.gfx
2022-08-24	02:35:33		1661333712	700	4	4729792156	IME_PreProcessKeyboard:   WM_LBUTTONDOWN, (Not UI Message):  msg=513(0x201), wParam=0x1, lParam=0x24600ab), movie=gamedock.gfx
2022-08-24	02:35:33		1661333712	701	4	4729792251	IME_PreProcessKeyboard:   WM_LBUTTONUP, (Not UI Message):  msg=514(0x202), wParam=0x0, lParam=0x24600ab), movie=gamedock.gfx
2022-08-24	02:35:34		1661333712	702	4	4729793014	IME_PreProcessKeyboard:   WM_LBUTTONDOWN, (Not UI Message):  msg=513(0x201), wParam=0x1, lParam=0x1b300b9), movie=gamedock.gfx
2022-08-24	02:35:34		1661333712	703	4	4729793098	IME_PreProcessKeyboard:   WM_LBUTTONUP, (Not UI Message):  msg=514(0x202), wParam=0x0, lParam=0x1b300b9), movie=gamedock.gfx
2022-08-24	02:35:34		1661333712	704	4	4729793647	IME_PreProcessKeyboard:   WM_LBUTTONDOWN, (Not UI Message):  msg=513(0x201), wParam=0x1, lParam=0x18402d6), movie=gamedock.gfx
2022-08-24	02:35:34		1661333712	705	4	4729793717	IME_PreProcessKeyboard:   WM_LBUTTONUP, (Not UI Message):  msg=514(0x202), wParam=0x0, lParam=0x18402d6), movie=gamedock.gfx
2022-08-24	02:35:35		1661333712	706	4	4729794092	IME_PreProcessKeyboard:   WM_LBUTTONDOWN, (Not UI Message):  msg=513(0x201), wParam=0x1, lParam=0x17a0464), movie=gamedock.gfx
2022-08-24	02:35:35		1661333712	707	4	4729794220	IME_PreProcessKeyboard:   WM_LBUTTONUP, (Not UI Message):  msg=514(0x202), wParam=0x0, lParam=0x1720464), movie=gamedock.gfx
2022-08-24	02:35:36		1661333712	708	4	4729794806	IME_PreProcessKeyboard:   WM_LBUTTONDOWN, (Not UI Message):  msg=513(0x201), wParam=0x1, lParam=0x17802c8), movie=gamedock.gfx
2022-08-24	02:35:36		1661333712	709	4	4729794876	IME_PreProcessKeyboard:   WM_LBUTTONUP, (Not UI Message):  msg=514(0x202), wParam=0x0, lParam=0x17802c8), movie=gamedock.gfx
2022-08-24	02:35:36		1661333712	710	4	4729795375	IME_PreProcessKeyboard:   WM_LBUTTONDOWN, (Not UI Message):  msg=513(0x201), wParam=0x1, lParam=0x16d044f), movie=gamedock.gfx
2022-08-24	02:35:36		1661333712	711	4	4729795459	IME_PreProcessKeyboard:   WM_LBUTTONUP, (Not UI Message):  msg=514(0x202), wParam=0x0, lParam=0x16c044f), movie=gamedock.gfx
2022-08-24	02:35:37		1661333712	712	4	4729795904	IME_PreProcessKeyboard:   WM_LBUTTONDOWN, (Not UI Message):  msg=513(0x201), wParam=0x1, lParam=0x15b0571), movie=gamedock.gfx
2022-08-24	02:35:37		1661333712	713	4	4729795973	IME_PreProcessKeyboard:   WM_LBUTTONUP, (Not UI Message):  msg=514(0x202), wParam=0x0, lParam=0x1590571), movie=gamedock.gfx
2022-08-24	02:35:37		1661333712	714	4	4729796480	IME_PreProcessKeyboard:   WM_LBUTTONDOWN, (Not UI Message):  msg=513(0x201), wParam=0x1, lParam=0x16f0302), movie=gamedock.gfx
2022-08-24	02:35:37		1661333712	715	4	4729796564	IME_PreProcessKeyboard:   WM_LBUTTONUP, (Not UI Message):  msg=514(0x202), wParam=0x0, lParam=0x16f0302), movie=gamedock.gfx
2022-08-24	02:35:38		1661333712	716	4	4729797155	IME_PreProcessKeyboard:   WM_LBUTTONDOWN, (Not UI Message):  msg=513(0x201), wParam=0x1, lParam=0x177020a), movie=gamedock.gfx
2022-08-24	02:35:38		1661333712	717	4	4729797230	IME_PreProcessKeyboard:   WM_LBUTTONUP, (Not UI Message):  msg=514(0x202), wParam=0x0, lParam=0x1760208), movie=gamedock.gfx
2022-08-24	02:35:38		1661333712	718	4	4729797626	IME_PreProcessKeyboard:   WM_LBUTTONDOWN, (Not UI Message):  msg=513(0x201), wParam=0x1, lParam=0x178017c), movie=gamedock.gfx
2022-08-24	02:35:38		1661333712	719	4	4729797709	IME_PreProcessKeyboard:   WM_LBUTTONUP, (Not UI Message):  msg=514(0x202), wParam=0x0, lParam=0x1900175), movie=gamedock.gfx
2022-08-24	02:35:39		1661333712	720	4	4729798021	IME_PreProcessKeyboard:   WM_LBUTTONDOWN, (Not UI Message):  msg=513(0x201), wParam=0x1, lParam=0x1f00176), movie=gamedock.gfx
2022-08-24	02:35:39		1661333712	721	4	4729798085	IME_PreProcessKeyboard:   WM_LBUTTONUP, (Not UI Message):  msg=514(0x202), wParam=0x0, lParam=0x1f00176), movie=gamedock.gfx
2022-08-24	02:35:39		1661333712	722	4	4729798563	IME_PreProcessKeyboard:   WM_LBUTTONDOWN, (Not UI Message):  msg=513(0x201), wParam=0x1, lParam=0x1e702a6), movie=gamedock.gfx
2022-08-24	02:35:39		1661333712	723	4	4729798667	IME_PreProcessKeyboard:   WM_LBUTTONUP, (Not UI Message):  msg=514(0x202), wParam=0x0, lParam=0x1e702a8), movie=gamedock.gfx
2022-08-24	02:35:40		1661333712	724	4	4729799126	IME_PreProcessKeyboard:   WM_LBUTTONDOWN, (Not UI Message):  msg=513(0x201), wParam=0x1, lParam=0x17102f4), movie=gamedock.gfx
2022-08-24	02:35:40		1661333712	725	4	4729799209	IME_PreProcessKeyboard:   WM_LBUTTONUP, (Not UI Message):  msg=514(0x202), wParam=0x0, lParam=0x17102f6), movie=gamedock.gfx
2022-08-24	02:35:40		1661333712	726	4	4729799452	IME_PreProcessKeyboard:   WM_LBUTTONDOWN, (Not UI Message):  msg=513(0x201), wParam=0x1, lParam=0x19702eb), movie=gamedock.gfx
2022-08-24	02:35:40		1661333712	727	4	4729799535	IME_PreProcessKeyboard:   WM_LBUTTONUP, (Not UI Message):  msg=514(0x202), wParam=0x0, lParam=0x19702eb), movie=gamedock.gfx
2022-08-24	02:35:42		1661333712	728	4	4729800883	IME_PreProcessKeyboard:   WM_LBUTTONDOWN, (Not UI Message):  msg=513(0x201), wParam=0x1, lParam=0xd405e7), movie=gamedock.gfx
2022-08-24	02:35:42		1661333712	729	4	4729800973	IME_PreProcessKeyboard:   WM_LBUTTONUP, (Not UI Message):  msg=514(0x202), wParam=0x0, lParam=0xd405e7), movie=gamedock.gfx
2022-08-24	02:35:42		1661333712	730	4	4729801475	IME_PreProcessKeyboard:   WM_LBUTTONDOWN, (Not UI Message):  msg=513(0x201), wParam=0x1, lParam=0xfc04b0), movie=gamedock.gfx
2022-08-24	02:35:42		1661333712	731	4	4729801556	IME_PreProcessKeyboard:   WM_LBUTTONUP, (Not UI Message):  msg=514(0x202), wParam=0x0, lParam=0xfc04b0), movie=gamedock.gfx
2022-08-24	02:35:51		1661333712	3715	4	4729810591	IME_PreProcessKeyboard:   WM_LBUTTONDOWN, (Not UI Message):  msg=513(0x201), wParam=0x1, lParam=0x5002fb), movie=gamedock.gfx
2022-08-24	02:35:51		1661333712	3761	4	4729810681	IME_PreProcessKeyboard:   WM_LBUTTONUP, (Not UI Message):  msg=514(0x202), wParam=0x0, lParam=0x5002fb), movie=gamedock.gfx
2022-08-24	02:35:53		1661333712	4350	4	4729811811	IME_PreProcessKeyboard:   WM_LBUTTONDOWN, (Not UI Message):  msg=513(0x201), wParam=0x1, lParam=0x110334), movie=gamedock.gfx
2022-08-24	02:35:53		1661333712	4413	4	4729811924	IME_PreProcessKeyboard:   WM_LBUTTONUP, (Not UI Message):  msg=514(0x202), wParam=0x0, lParam=0x110334), movie=gamedock.gfx
2022-08-24	02:35:54		1661333712	5090	4	4729813158	IME_Default:  WME_IME_NOTIFY: IMN_CLOSESTATUSWINDOW (msg=642(0x282), wParam=0x1, lParam=0x0), RtnVal=0, Not Handled, Default Action, movie=gamedock.gfx
2022-08-24	02:36:04		1661333712	10409	4	4729823239	IME_Default:  WME_IME_NOTIFY: IMN_OPENSTATUSWINDOW (msg=642(0x282), wParam=0x2, lParam=0x0), RtnVal=0, Not Handled, Default Action, movie=gamedock.gfx
