<2022-08-24 01:16:15,070> :SOEServer: [INFO] Initializing server...
<2022-08-24 01:16:15,082> :SOEConnectionManager: [INFO] Service constructed
<2022-08-24 01:16:15,084> :SOEProtocol: [INFO] Service constructed
<2022-08-24 01:16:15,088> :SOEProtocol: [INFO] Using protocol -- CGAPI_527
<2022-08-24 01:16:15,089> :SOERoleManager: [INFO] Service constructed
<2022-08-24 01:16:15,090> :SOERoleManager: [INFO] Loading role: 'Gateway.dll'...
<2022-08-24 01:16:15,098> :Gateway: [INFO] Constructing gateway...
<2022-08-24 01:16:15,098> :LoginManager: [INFO] Service constructed
<2022-08-24 01:16:15,098> :Gateway: [INFO] Finished constructing gateway!
<2022-08-24 01:16:15,183> :SOEServer: [INFO] Finished initiating server!
<2022-08-24 01:16:15,187> :SOEServer: [INFO] Starting server threads...
<2022-08-24 01:16:15,191> :SOEServer: [INFO] Started listening!
<2022-08-24 01:16:29,910> :SOEConnectionManager: [INFO] New client connection from 127.0.0.1, (ID: 0)
<2022-08-24 01:16:29,995> :SOEProtocol: [INFO] Received 0x1, FR_PacketLogin!
<2022-08-24 01:16:30,255> :SOEDataChannel: [INFO] (Client 0) Data Ack
<2022-08-24 01:16:30,363> :SOEDataChannel: [INFO] (Client 0) Data Ack
<2022-08-24 01:16:30,472> :SOEDataChannel: [INFO] (Client 0) Data Ack
<2022-08-24 01:16:30,579> :SOEDataChannel: [INFO] (Client 0) Data Ack
<2022-08-24 01:16:30,718> :SOEDataChannel: [INFO] (Client 0) Data Ack
<2022-08-24 01:16:30,749> :SOEDataChannel: [INFO] (Client 0) Data Ack
<2022-08-24 01:16:30,750> :SOEDataChannel: [INFO] (Client 0) Data Ack
<2022-08-24 01:16:30,779> :SOEDataChannel: [INFO] (Client 0) Data Ack
<2022-08-24 01:16:30,779> :SOEDataChannel: [INFO] (Client 0) Data Ack
<2022-08-24 01:16:30,794> :SOEDataChannel: [INFO] (Client 0) Data Ack
<2022-08-24 01:16:30,809> :SOEDataChannel: [INFO] (Client 0) Data Ack
<2022-08-24 01:16:30,824> :SOEDataChannel: [INFO] (Client 0) Data Ack
<2022-08-24 01:16:30,840> :SOEDataChannel: [INFO] (Client 0) Data Ack
<2022-08-24 01:16:30,855> :SOEDataChannel: [INFO] (Client 0) Data Ack
<2022-08-24 01:16:30,886> :SOEDataChannel: [INFO] (Client 0) Data Ack
<2022-08-24 01:16:30,886> :SOEDataChannel: [INFO] (Client 0) Data Ack
<2022-08-24 01:16:30,917> :SOEDataChannel: [INFO] (Client 0) Data Ack
<2022-08-24 01:16:30,917> :SOEDataChannel: [INFO] (Client 0) Data Ack
<2022-08-24 01:16:30,947> :SOEDataChannel: [INFO] (Client 0) Data Ack
<2022-08-24 01:16:30,947> :SOEDataChannel: [INFO] (Client 0) Data Ack
<2022-08-24 01:16:30,977> :SOEDataChannel: [INFO] (Client 0) Data Ack
<2022-08-24 01:16:30,977> :SOEDataChannel: [INFO] (Client 0) Data Ack
<2022-08-24 01:16:31,007> :SOEDataChannel: [INFO] (Client 0) Data Ack
<2022-08-24 01:16:31,007> :SOEDataChannel: [INFO] (Client 0) Data Ack
<2022-08-24 01:16:31,023> :SOEDataChannel: [INFO] (Client 0) Data Ack
<2022-08-24 01:16:31,038> :SOEDataChannel: [INFO] (Client 0) Data Ack
<2022-08-24 01:16:31,069> :SOEDataChannel: [INFO] (Client 0) Data Ack
<2022-08-24 01:16:31,100> :SOEDataChannel: [INFO] (Client 0) Data Ack
<2022-08-24 01:16:31,100> :SOEDataChannel: [INFO] (Client 0) Data Ack
<2022-08-24 01:16:31,130> :SOEDataChannel: [INFO] (Client 0) Data Ack
<2022-08-24 01:16:31,130> :SOEDataChannel: [INFO] (Client 0) Data Ack
<2022-08-24 01:16:31,207> :SOEDataChannel: [INFO] (Client 0) Data Ack
<2022-08-24 01:16:31,316> :SOEDataChannel: [INFO] (Client 0) Data Ack
<2022-08-24 01:16:31,425> :SOEDataChannel: [INFO] (Client 0) Data Ack
