<2022-08-24 02:27:20,178> :SOEServer: [INFO] Initializing server...
<2022-08-24 02:27:20,195> :SOEConnectionManager: [INFO] Service constructed
<2022-08-24 02:27:20,197> :SOEProtocol: [INFO] Service constructed
<2022-08-24 02:27:20,201> :SOEProtocol: [INFO] Using protocol -- CGAPI_527
<2022-08-24 02:27:20,202> :SOERoleManager: [INFO] Service constructed
<2022-08-24 02:27:20,203> :SOERoleManager: [INFO] Loading role: 'Gateway.dll'...
<2022-08-24 02:27:20,209> :Gateway: [INFO] Constructing gateway...
<2022-08-24 02:27:20,210> :LoginManager: [INFO] Service constructed
<2022-08-24 02:27:20,210> :Gateway: [INFO] Finished constructing gateway!
<2022-08-24 02:27:20,306> :SOEServer: [INFO] Finished initiating server!
<2022-08-24 02:27:20,309> :SOEServer: [INFO] Starting server threads...
<2022-08-24 02:27:20,313> :SOEServer: [INFO] Started listening!
<2022-08-24 02:27:24,415> :SOEConnectionManager: [INFO] New client connection from 127.0.0.1, (ID: 0)
<2022-08-24 02:27:24,472> :SOEProtocol: [INFO] Received 0x1, FR_PacketLogin!
<2022-08-24 02:27:25,846> :SOEDataChannel: [INFO] (Client 0) Data Ack
<2022-08-24 02:27:25,954> :SOEDataChannel: [INFO] (Client 0) Data Ack
<2022-08-24 02:27:26,062> :SOEDataChannel: [INFO] (Client 0) Data Ack
<2022-08-24 02:27:26,170> :SOEDataChannel: [INFO] (Client 0) Data Ack
<2022-08-24 02:27:26,310> :SOEDataChannel: [INFO] (Client 0) Data Ack
<2022-08-24 02:27:26,341> :SOEDataChannel: [INFO] (Client 0) Data Ack
<2022-08-24 02:27:26,357> :SOEDataChannel: [INFO] (Client 0) Data Ack
<2022-08-24 02:27:26,373> :SOEDataChannel: [INFO] (Client 0) Data Ack
<2022-08-24 02:27:26,373> :SOEDataChannel: [INFO] (Client 0) Data Ack
<2022-08-24 02:27:26,388> :SOEDataChannel: [INFO] (Client 0) Data Ack
<2022-08-24 02:27:26,419> :SOEDataChannel: [INFO] (Client 0) Data Ack
<2022-08-24 02:27:26,419> :SOEDataChannel: [INFO] (Client 0) Data Ack
<2022-08-24 02:27:26,450> :SOEDataChannel: [INFO] (Client 0) Data Ack
<2022-08-24 02:27:26,481> :SOEDataChannel: [INFO] (Client 0) Data Ack
<2022-08-24 02:27:26,512> :SOEDataChannel: [INFO] (Client 0) Data Ack
<2022-08-24 02:27:26,512> :SOEDataChannel: [INFO] (Client 0) Data Ack
<2022-08-24 02:27:26,543> :SOEDataChannel: [INFO] (Client 0) Data Ack
<2022-08-24 02:27:26,543> :SOEDataChannel: [INFO] (Client 0) Data Ack
<2022-08-24 02:27:26,575> :SOEDataChannel: [INFO] (Client 0) Data Ack
<2022-08-24 02:27:26,590> :SOEDataChannel: [INFO] (Client 0) Data Ack
<2022-08-24 02:27:26,623> :SOEProtocol: [INFO] Received Unknown SOEMessage 6400!
<2022-08-24 02:27:26,652> :SOEProtocol: [INFO] Received Unknown SOEMessage 6400!
<2022-08-24 02:27:26,652> :SOEDataChannel: [INFO] (Client 0) Data Ack
<2022-08-24 02:27:26,652> :SOEDataChannel: [INFO] (Client 0) Data Ack
<2022-08-24 02:27:26,683> :SOEDataChannel: [INFO] (Client 0) Data Ack
<2022-08-24 02:27:26,698> :SOEDataChannel: [INFO] (Client 0) Data Ack
<2022-08-24 02:27:26,776> :SOEDataChannel: [INFO] (Client 0) Data Ack
<2022-08-24 02:27:26,791> :SOEDataChannel: [INFO] (Client 0) Data Ack
<2022-08-24 02:27:26,883> :SOEDataChannel: [INFO] (Client 0) Data Ack
<2022-08-24 02:27:26,990> :SOEDataChannel: [INFO] (Client 0) Data Ack
<2022-08-24 02:27:28,982> :SOEProtocol: [INFO] Received Unknown SOEMessage 6!
<2022-08-24 02:27:34,044> :SOEProtocol: [INFO] Received Unknown SOEMessage 5!
