<2022-08-24 01:25:56,249> :SOEServer: [INFO] Initializing server...
<2022-08-24 01:25:56,259> :SOEConnectionManager: [INFO] Service constructed
<2022-08-24 01:25:56,261> :SOEProtocol: [INFO] Service constructed
<2022-08-24 01:25:56,264> :SOEProtocol: [INFO] Using protocol -- CGAPI_527
<2022-08-24 01:25:56,264> :SOERoleManager: [INFO] Service constructed
<2022-08-24 01:25:56,265> :SOERoleManager: [INFO] Loading role: 'Gateway.dll'...
<2022-08-24 01:25:56,270> :Gateway: [INFO] Constructing gateway...
<2022-08-24 01:25:56,271> :LoginManager: [INFO] Service constructed
<2022-08-24 01:25:56,271> :Gateway: [INFO] Finished constructing gateway!
<2022-08-24 01:25:56,352> :SOEServer: [INFO] Finished initiating server!
<2022-08-24 01:25:57,731> :SOEServer: [INFO] Starting server threads...
<2022-08-24 01:25:57,736> :SOEServer: [INFO] Started listening!
<2022-08-24 01:26:40,661> :SOEConnectionManager: [INFO] New client connection from 127.0.0.1, (ID: 0)
<2022-08-24 01:26:40,718> :SOEProtocol: [INFO] Received 0x1, FR_PacketLogin!
<2022-08-24 01:26:40,853> :SOEDataChannel: [INFO] (Client 0) Data Ack
<2022-08-24 01:26:40,963> :SOEDataChannel: [INFO] (Client 0) Data Ack
<2022-08-24 01:26:41,073> :SOEDataChannel: [INFO] (Client 0) Data Ack
<2022-08-24 01:26:41,181> :SOEDataChannel: [INFO] (Client 0) Data Ack
<2022-08-24 01:26:41,319> :SOEDataChannel: [INFO] (Client 0) Data Ack
<2022-08-24 01:26:41,335> :SOEDataChannel: [INFO] (Client 0) Data Ack
<2022-08-24 01:26:41,366> :SOEDataChannel: [INFO] (Client 0) Data Ack
<2022-08-24 01:26:41,366> :SOEDataChannel: [INFO] (Client 0) Data Ack
<2022-08-24 01:26:41,397> :SOEDataChannel: [INFO] (Client 0) Data Ack
<2022-08-24 01:26:41,412> :SOEDataChannel: [INFO] (Client 0) Data Ack
<2022-08-24 01:26:41,428> :SOEDataChannel: [INFO] (Client 0) Data Ack
<2022-08-24 01:26:41,443> :SOEDataChannel: [INFO] (Client 0) Data Ack
<2022-08-24 01:26:41,443> :SOEDataChannel: [INFO] (Client 0) Data Ack
<2022-08-24 01:26:41,475> :SOEDataChannel: [INFO] (Client 0) Data Ack
<2022-08-24 01:26:41,506> :SOEDataChannel: [INFO] (Client 0) Data Ack
<2022-08-24 01:26:41,506> :SOEDataChannel: [INFO] (Client 0) Data Ack
<2022-08-24 01:26:41,537> :SOEDataChannel: [INFO] (Client 0) Data Ack
<2022-08-24 01:26:41,553> :SOEDataChannel: [INFO] (Client 0) Data Ack
<2022-08-24 01:26:41,571> :SOEDataChannel: [INFO] (Client 0) Data Ack
<2022-08-24 01:26:41,574> :SOEDataChannel: [INFO] (Client 0) Data Ack
<2022-08-24 01:26:41,630> :SOEDataChannel: [INFO] (Client 0) Data Ack
<2022-08-24 01:26:41,646> :SOEDataChannel: [INFO] (Client 0) Data Ack
<2022-08-24 01:26:41,661> :SOEProtocol: [INFO] Received Unknown SOEMessage 6400!
<2022-08-24 01:26:41,677> :SOEDataChannel: [INFO] (Client 0) Data Ack
<2022-08-24 01:26:41,677> :SOEDataChannel: [INFO] (Client 0) Data Ack
<2022-08-24 01:26:41,692> :SOEDataChannel: [INFO] (Client 0) Data Ack
<2022-08-24 01:26:41,723> :SOEDataChannel: [INFO] (Client 0) Data Ack
<2022-08-24 01:26:41,770> :SOEDataChannel: [INFO] (Client 0) Data Ack
<2022-08-24 01:26:41,877> :SOEDataChannel: [INFO] (Client 0) Data Ack
<2022-08-24 01:26:41,986> :SOEDataChannel: [INFO] (Client 0) Data Ack
<2022-08-24 01:26:44,263> :SOEProtocol: [INFO] Received Unknown SOEMessage 6!
<2022-08-24 01:26:51,079> :SOEProtocol: [INFO] Received Unknown SOEMessage 5!
<2022-08-24 01:27:02,072> :SOEProtocol: [INFO] Received Unknown SOEMessage 5!
<2022-08-24 01:27:13,112> :SOEProtocol: [INFO] Received Unknown SOEMessage 5!
<2022-08-24 01:27:24,064> :SOEProtocol: [INFO] Received Unknown SOEMessage 5!
<2022-08-24 01:27:35,044> :SOEProtocol: [INFO] Received Unknown SOEMessage 5!
<2022-08-24 01:27:46,063> :SOEProtocol: [INFO] Received Unknown SOEMessage 5!
<2022-08-24 01:27:54,118> :SOEConnectionManager: [INFO] Disconnecting client on 127.0.0.1 (ID: 0) for reason: Application
