<2022-08-24 01:53:10,257> :SOEServer: [INFO] Initializing server...
<2022-08-24 01:53:10,268> :SOEConnectionManager: [INFO] Service constructed
<2022-08-24 01:53:10,270> :SOEProtocol: [INFO] Service constructed
<2022-08-24 01:53:10,274> :SOEProtocol: [INFO] Using protocol -- CGAPI_527
<2022-08-24 01:53:10,274> :SOERoleManager: [INFO] Service constructed
<2022-08-24 01:53:10,275> :SOERoleManager: [INFO] Loading role: 'Gateway.dll'...
<2022-08-24 01:53:10,282> :Gateway: [INFO] Constructing gateway...
<2022-08-24 01:53:10,282> :LoginManager: [INFO] Service constructed
<2022-08-24 01:53:10,282> :Gateway: [INFO] Finished constructing gateway!
<2022-08-24 01:53:10,373> :SOEServer: [INFO] Finished initiating server!
<2022-08-24 01:53:10,377> :SOEServer: [INFO] Starting server threads...
<2022-08-24 01:53:10,381> :SOEServer: [INFO] Started listening!
<2022-08-24 01:53:46,822> :SOEConnectionManager: [INFO] New client connection from 127.0.0.1, (ID: 0)
<2022-08-24 01:53:46,864> :SOEProtocol: [INFO] Received 0x1, FR_PacketLogin!
<2022-08-24 01:53:46,998> :SOEDataChannel: [INFO] (Client 0) Data Ack
<2022-08-24 01:53:47,108> :SOEDataChannel: [INFO] (Client 0) Data Ack
<2022-08-24 01:53:47,217> :SOEDataChannel: [INFO] (Client 0) Data Ack
<2022-08-24 01:53:47,326> :SOEDataChannel: [INFO] (Client 0) Data Ack
<2022-08-24 01:53:47,465> :SOEDataChannel: [INFO] (Client 0) Data Ack
<2022-08-24 01:53:47,480> :SOEDataChannel: [INFO] (Client 0) Data Ack
<2022-08-24 01:53:47,496> :SOEDataChannel: [INFO] (Client 0) Data Ack
<2022-08-24 01:53:47,511> :SOEDataChannel: [INFO] (Client 0) Data Ack
<2022-08-24 01:53:47,527> :SOEDataChannel: [INFO] (Client 0) Data Ack
<2022-08-24 01:53:47,542> :SOEDataChannel: [INFO] (Client 0) Data Ack
<2022-08-24 01:53:47,558> :SOEDataChannel: [INFO] (Client 0) Data Ack
<2022-08-24 01:53:47,573> :SOEDataChannel: [INFO] (Client 0) Data Ack
<2022-08-24 01:53:47,604> :SOEDataChannel: [INFO] (Client 0) Data Ack
<2022-08-24 01:53:47,604> :SOEDataChannel: [INFO] (Client 0) Data Ack
<2022-08-24 01:53:47,637> :SOEDataChannel: [INFO] (Client 0) Data Ack
<2022-08-24 01:53:47,652> :SOEDataChannel: [INFO] (Client 0) Data Ack
<2022-08-24 01:53:47,667> :SOEDataChannel: [INFO] (Client 0) Data Ack
<2022-08-24 01:53:47,683> :SOEDataChannel: [INFO] (Client 0) Data Ack
<2022-08-24 01:53:47,699> :SOEDataChannel: [INFO] (Client 0) Data Ack
<2022-08-24 01:53:47,714> :SOEDataChannel: [INFO] (Client 0) Data Ack
<2022-08-24 01:53:47,747> :SOEDataChannel: [INFO] (Client 0) Data Ack
<2022-08-24 01:53:47,748> :SOEDataChannel: [INFO] (Client 0) Data Ack
<2022-08-24 01:53:47,807> :SOEProtocol: [INFO] Received Unknown SOEMessage 6400!
<2022-08-24 01:53:47,823> :SOEProtocol: [INFO] Received Unknown SOEMessage 6400!
<2022-08-24 01:53:47,823> :SOEDataChannel: [INFO] (Client 0) Data Ack
<2022-08-24 01:53:47,823> :SOEDataChannel: [INFO] (Client 0) Data Ack
<2022-08-24 01:53:47,854> :SOEDataChannel: [INFO] (Client 0) Data Ack
<2022-08-24 01:53:47,869> :SOEDataChannel: [INFO] (Client 0) Data Ack
<2022-08-24 01:53:47,915> :SOEDataChannel: [INFO] (Client 0) Data Ack
<2022-08-24 01:53:48,023> :SOEDataChannel: [INFO] (Client 0) Data Ack
<2022-08-24 01:53:48,130> :SOEDataChannel: [INFO] (Client 0) Data Ack
<2022-08-24 01:53:48,657> :SOEProtocol: [INFO] Received Unknown SOEMessage 6!
<2022-08-24 01:53:55,041> :SOEProtocol: [INFO] Received Unknown SOEMessage 6400!
<2022-08-24 01:53:55,103> :SOEProtocol: [INFO] Received Unknown SOEMessage 6400!
<2022-08-24 01:53:55,118> :SOEProtocol: [INFO] Received Unknown SOEMessage 5!
<2022-08-24 01:53:55,134> :SOEProtocol: [INFO] Received Unknown SOEMessage 5!
<2022-08-24 01:53:55,149> :SOEProtocol: [INFO] Received Unknown SOEMessage 6400!
<2022-08-24 01:53:55,538> :SOEProtocol: [INFO] Received Unknown SOEMessage 5!
<2022-08-24 01:53:55,585> :SOEProtocol: [INFO] Received Unknown SOEMessage 6400!
<2022-08-24 01:53:55,616> :SOEProtocol: [INFO] Received Unknown SOEMessage 6400!
<2022-08-24 01:53:57,039> :SOEProtocol: [INFO] Received Unknown SOEMessage 6!
<2022-08-24 01:53:57,054> :SOEProtocol: [INFO] Received Unknown SOEMessage 5!
<2022-08-24 01:54:00,615> :SOEProtocol: [INFO] Received Unknown SOEMessage 5!
<2022-08-24 01:54:05,633> :SOEProtocol: [INFO] Received Unknown SOEMessage 5!
<2022-08-24 01:54:08,033> :SOEProtocol: [INFO] Received Unknown SOEMessage 6!
<2022-08-24 01:54:08,063> :SOEProtocol: [INFO] Received Unknown SOEMessage 5!
<2022-08-24 01:54:10,641> :SOEProtocol: [INFO] Received Unknown SOEMessage 5!
<2022-08-24 01:54:15,645> :SOEProtocol: [INFO] Received Unknown SOEMessage 5!
<2022-08-24 01:54:19,034> :SOEProtocol: [INFO] Received Unknown SOEMessage 6!
<2022-08-24 01:54:19,065> :SOEProtocol: [INFO] Received Unknown SOEMessage 5!
<2022-08-24 01:54:20,130> :SOEProtocol: [INFO] Received Unknown SOEMessage 5!
<2022-08-24 01:54:20,656> :SOEProtocol: [INFO] Received Unknown SOEMessage 5!
<2022-08-24 01:54:25,665> :SOEProtocol: [INFO] Received Unknown SOEMessage 5!
<2022-08-24 01:54:30,031> :SOEProtocol: [INFO] Received Unknown SOEMessage 6!
<2022-08-24 01:54:30,046> :SOEProtocol: [INFO] Received Unknown SOEMessage 5!
<2022-08-24 01:54:30,667> :SOEProtocol: [INFO] Received Unknown SOEMessage 5!
<2022-08-24 01:54:35,153> :SOEProtocol: [INFO] Received Unknown SOEMessage 5!
<2022-08-24 01:54:35,681> :SOEProtocol: [INFO] Received Unknown SOEMessage 5!
<2022-08-24 01:54:40,705> :SOEProtocol: [INFO] Received Unknown SOEMessage 5!
<2022-08-24 01:54:41,029> :SOEProtocol: [INFO] Received Unknown SOEMessage 6!
<2022-08-24 01:54:41,045> :SOEProtocol: [INFO] Received Unknown SOEMessage 5!
<2022-08-24 01:54:43,910> :SOEProtocol: [INFO] Received Unknown SOEMessage 5!
<2022-08-24 01:54:43,925> :SOEProtocol: [INFO] Received Unknown SOEMessage 6400!
<2022-08-24 01:54:44,110> :SOEProtocol: [INFO] Received Unknown SOEMessage 5!
<2022-08-24 01:54:44,327> :SOEProtocol: [INFO] Received Unknown SOEMessage 5!
<2022-08-24 01:54:44,420> :SOEProtocol: [INFO] Received Unknown SOEMessage 6400!
<2022-08-24 01:54:44,636> :SOEProtocol: [INFO] Received Unknown SOEMessage 5!
<2022-08-24 01:54:44,837> :SOEProtocol: [INFO] Received Unknown SOEMessage 5!
<2022-08-24 01:54:44,930> :SOEProtocol: [INFO] Received Unknown SOEMessage 6400!
<2022-08-24 01:54:45,132> :SOEProtocol: [INFO] Received Unknown SOEMessage 5!
<2022-08-24 01:54:45,350> :SOEProtocol: [INFO] Received Unknown SOEMessage 5!
<2022-08-24 01:54:45,442> :SOEProtocol: [INFO] Received Unknown SOEMessage 6400!
<2022-08-24 01:54:45,645> :SOEProtocol: [INFO] Received Unknown SOEMessage 5!
<2022-08-24 01:54:45,846> :SOEProtocol: [INFO] Received Unknown SOEMessage 5!
<2022-08-24 01:54:45,893> :SOEProtocol: [INFO] Received Unknown SOEMessage 6400!
<2022-08-24 01:54:45,954> :SOEProtocol: [INFO] Received Unknown SOEMessage 6400!
<2022-08-24 01:54:46,016> :SOEProtocol: [INFO] Received Unknown SOEMessage 6400!
<2022-08-24 01:54:46,077> :SOEProtocol: [INFO] Received Unknown SOEMessage 6400!
<2022-08-24 01:54:46,140> :SOEProtocol: [INFO] Received Unknown SOEMessage 6400!
<2022-08-24 01:54:46,202> :SOEProtocol: [INFO] Received Unknown SOEMessage 6400!
<2022-08-24 01:54:46,264> :SOEProtocol: [INFO] Received Unknown SOEMessage 6400!
<2022-08-24 01:54:46,325> :SOEProtocol: [INFO] Received Unknown SOEMessage 6400!
<2022-08-24 01:54:46,372> :SOEProtocol: [INFO] Received Unknown SOEMessage 6400!
<2022-08-24 01:54:46,434> :SOEProtocol: [INFO] Received Unknown SOEMessage 6400!
<2022-08-24 01:54:46,496> :SOEProtocol: [INFO] Received Unknown SOEMessage 6400!
<2022-08-24 01:54:46,558> :SOEProtocol: [INFO] Received Unknown SOEMessage 6400!
<2022-08-24 01:54:46,619> :SOEProtocol: [INFO] Received Unknown SOEMessage 6400!
<2022-08-24 01:54:46,681> :SOEProtocol: [INFO] Received Unknown SOEMessage 6400!
<2022-08-24 01:54:46,743> :SOEProtocol: [INFO] Received Unknown SOEMessage 6400!
<2022-08-24 01:54:46,774> :SOEProtocol: [INFO] Received Unknown SOEMessage 6400!
<2022-08-24 01:54:46,836> :SOEProtocol: [INFO] Received Unknown SOEMessage 6400!
<2022-08-24 01:54:46,867> :SOEProtocol: [INFO] Received Unknown SOEMessage 6400!
<2022-08-24 01:54:46,945> :SOEProtocol: [INFO] Received Unknown SOEMessage 6400!
<2022-08-24 01:54:46,992> :SOEProtocol: [INFO] Received Unknown SOEMessage 6400!
<2022-08-24 01:54:47,054> :SOEProtocol: [INFO] Received Unknown SOEMessage 6400!
<2022-08-24 01:54:47,100> :SOEProtocol: [INFO] Received Unknown SOEMessage 6400!
<2022-08-24 01:54:47,163> :SOEProtocol: [INFO] Received Unknown SOEMessage 6400!
<2022-08-24 01:54:47,178> :SOEProtocol: [INFO] Received Unknown SOEMessage 6400!
<2022-08-24 01:54:47,241> :SOEProtocol: [INFO] Received Unknown SOEMessage 6400!
<2022-08-24 01:54:47,287> :SOEProtocol: [INFO] Received Unknown SOEMessage 6400!
<2022-08-24 01:54:47,349> :SOEProtocol: [INFO] Received Unknown SOEMessage 6400!
<2022-08-24 01:54:47,411> :SOEProtocol: [INFO] Received Unknown SOEMessage 6400!
<2022-08-24 01:54:47,488> :SOEProtocol: [INFO] Received Unknown SOEMessage 6400!
<2022-08-24 01:54:47,534> :SOEProtocol: [INFO] Received Unknown SOEMessage 6400!
<2022-08-24 01:54:47,596> :SOEProtocol: [INFO] Received Unknown SOEMessage 6400!
<2022-08-24 01:54:47,812> :SOEProtocol: [INFO] Received Unknown SOEMessage 5!
<2022-08-24 01:54:48,013> :SOEProtocol: [INFO] Received Unknown SOEMessage 5!
<2022-08-24 01:54:48,106> :SOEProtocol: [INFO] Received Unknown SOEMessage 6400!
<2022-08-24 01:54:48,305> :SOEProtocol: [INFO] Received Unknown SOEMessage 5!
<2022-08-24 01:54:48,522> :SOEProtocol: [INFO] Received Unknown SOEMessage 5!
<2022-08-24 01:54:48,584> :SOEProtocol: [INFO] Received Unknown SOEMessage 6400!
<2022-08-24 01:54:48,646> :SOEProtocol: [INFO] Received Unknown SOEMessage 6400!
<2022-08-24 01:54:48,909> :SOEProtocol: [INFO] Received Unknown SOEMessage 6400!
<2022-08-24 01:55:08,165> :SOEConnectionManager: [INFO] Disconnecting client on 127.0.0.1 (ID: 0) for reason: UnacknowledgedTimeout
