<2022-08-24 02:34:02,496> :SOEServer: [INFO] Initializing server...
<2022-08-24 02:34:02,508> :SOEConnectionManager: [INFO] Service constructed
<2022-08-24 02:34:02,509> :SOEProtocol: [INFO] Service constructed
<2022-08-24 02:34:02,513> :SOEProtocol: [INFO] Using protocol -- CGAPI_527
<2022-08-24 02:34:02,514> :SOERoleManager: [INFO] Service constructed
<2022-08-24 02:34:02,515> :SOERoleManager: [INFO] Loading role: 'Gateway.dll'...
<2022-08-24 02:34:02,520> :Gateway: [INFO] Constructing gateway...
<2022-08-24 02:34:02,520> :LoginManager: [INFO] Service constructed
<2022-08-24 02:34:02,521> :Gateway: [INFO] Finished constructing gateway!
<2022-08-24 02:34:02,603> :SOEServer: [INFO] Finished initiating server!
<2022-08-24 02:34:02,606> :SOEServer: [INFO] Starting server threads...
<2022-08-24 02:34:02,610> :SOEServer: [INFO] Started listening!
<2022-08-24 02:35:15,846> :SOEConnectionManager: [INFO] New client connection from 127.0.0.1, (ID: 0)
<2022-08-24 02:35:15,902> :SOEProtocol: [INFO] Received 0x1, FR_PacketLogin!
<2022-08-24 02:35:16,037> :SOEDataChannel: [INFO] (Client 0) Data Ack
<2022-08-24 02:35:16,144> :SOEDataChannel: [INFO] (Client 0) Data Ack
<2022-08-24 02:35:16,255> :SOEDataChannel: [INFO] (Client 0) Data Ack
<2022-08-24 02:35:16,364> :SOEDataChannel: [INFO] (Client 0) Data Ack
<2022-08-24 02:35:16,502> :SOEDataChannel: [INFO] (Client 0) Data Ack
<2022-08-24 02:35:16,532> :SOEDataChannel: [INFO] (Client 0) Data Ack
<2022-08-24 02:35:16,532> :SOEDataChannel: [INFO] (Client 0) Data Ack
<2022-08-24 02:35:16,564> :SOEDataChannel: [INFO] (Client 0) Data Ack
<2022-08-24 02:35:16,564> :SOEDataChannel: [INFO] (Client 0) Data Ack
<2022-08-24 02:35:16,579> :SOEDataChannel: [INFO] (Client 0) Data Ack
<2022-08-24 02:35:16,609> :SOEDataChannel: [INFO] (Client 0) Data Ack
<2022-08-24 02:35:16,625> :SOEDataChannel: [INFO] (Client 0) Data Ack
<2022-08-24 02:35:16,640> :SOEDataChannel: [INFO] (Client 0) Data Ack
<2022-08-24 02:35:16,640> :SOEDataChannel: [INFO] (Client 0) Data Ack
<2022-08-24 02:35:16,672> :SOEDataChannel: [INFO] (Client 0) Data Ack
<2022-08-24 02:35:16,687> :SOEDataChannel: [INFO] (Client 0) Data Ack
<2022-08-24 02:35:16,702> :SOEDataChannel: [INFO] (Client 0) Data Ack
<2022-08-24 02:35:16,717> :SOEDataChannel: [INFO] (Client 0) Data Ack
<2022-08-24 02:35:16,748> :SOEDataChannel: [INFO] (Client 0) Data Ack
<2022-08-24 02:35:16,764> :SOEDataChannel: [INFO] (Client 0) Data Ack
<2022-08-24 02:35:16,764> :SOEDataChannel: [INFO] (Client 0) Data Ack
<2022-08-24 02:35:16,810> :SOEProtocol: [INFO] Received Unknown SOEMessage 6400!
<2022-08-24 02:35:16,826> :SOEDataChannel: [INFO] (Client 0) Data Ack
<2022-08-24 02:35:16,841> :SOEProtocol: [INFO] Received Unknown SOEMessage 6400!
<2022-08-24 02:35:16,857> :SOEDataChannel: [INFO] (Client 0) Data Ack
<2022-08-24 02:35:16,872> :SOEDataChannel: [INFO] (Client 0) Data Ack
<2022-08-24 02:35:16,950> :SOEDataChannel: [INFO] (Client 0) Data Ack
<2022-08-24 02:35:16,950> :SOEDataChannel: [INFO] (Client 0) Data Ack
<2022-08-24 02:35:17,057> :SOEDataChannel: [INFO] (Client 0) Data Ack
<2022-08-24 02:35:17,165> :SOEDataChannel: [INFO] (Client 0) Data Ack
<2022-08-24 02:35:17,783> :SOEProtocol: [INFO] Received Unknown SOEMessage 6!
<2022-08-24 02:35:24,303> :SOEProtocol: [INFO] Received Unknown SOEMessage 6400!
<2022-08-24 02:35:24,365> :SOEProtocol: [INFO] Received Unknown SOEMessage 6400!
<2022-08-24 02:35:24,396> :SOEProtocol: [INFO] Received Unknown SOEMessage 5!
<2022-08-24 02:35:24,412> :SOEProtocol: [INFO] Received Unknown SOEMessage 6400!
<2022-08-24 02:35:24,505> :SOEProtocol: [INFO] Received Unknown SOEMessage 6400!
<2022-08-24 02:35:24,567> :SOEProtocol: [INFO] Received Unknown SOEMessage 5!
<2022-08-24 02:35:24,876> :SOEProtocol: [INFO] Received Unknown SOEMessage 6400!
<2022-08-24 02:35:26,036> :SOEProtocol: [INFO] Received Unknown SOEMessage 6!
<2022-08-24 02:35:26,068> :SOEProtocol: [INFO] Received Unknown SOEMessage 5!
<2022-08-24 02:35:26,548> :SOEProtocol: [INFO] Received Unknown SOEMessage 5!
<2022-08-24 02:35:26,579> :SOEProtocol: [INFO] Received Unknown SOEMessage 6400!
<2022-08-24 02:35:26,765> :SOEProtocol: [INFO] Received Unknown SOEMessage 5!
<2022-08-24 02:35:26,967> :SOEProtocol: [INFO] Received Unknown SOEMessage 5!
<2022-08-24 02:35:27,061> :SOEProtocol: [INFO] Received Unknown SOEMessage 6400!
<2022-08-24 02:35:27,246> :SOEProtocol: [INFO] Received Unknown SOEMessage 6400!
<2022-08-24 02:35:27,293> :SOEProtocol: [INFO] Received Unknown SOEMessage 6400!
<2022-08-24 02:35:27,370> :SOEProtocol: [INFO] Received Unknown SOEMessage 6400!
<2022-08-24 02:35:27,417> :SOEProtocol: [INFO] Received Unknown SOEMessage 6400!
<2022-08-24 02:35:27,463> :SOEProtocol: [INFO] Received Unknown SOEMessage 6400!
<2022-08-24 02:35:27,525> :SOEProtocol: [INFO] Received Unknown SOEMessage 6400!
<2022-08-24 02:35:27,604> :SOEProtocol: [INFO] Received Unknown SOEMessage 6400!
<2022-08-24 02:35:27,635> :SOEProtocol: [INFO] Received Unknown SOEMessage 6400!
<2022-08-24 02:35:27,650> :SOEProtocol: [INFO] Received Unknown SOEMessage 6400!
<2022-08-24 02:35:27,712> :SOEProtocol: [INFO] Received Unknown SOEMessage 6400!
<2022-08-24 02:35:27,774> :SOEProtocol: [INFO] Received Unknown SOEMessage 6400!
<2022-08-24 02:35:27,821> :SOEProtocol: [INFO] Received Unknown SOEMessage 6400!
<2022-08-24 02:35:27,883> :SOEProtocol: [INFO] Received Unknown SOEMessage 6400!
<2022-08-24 02:35:27,930> :SOEProtocol: [INFO] Received Unknown SOEMessage 6400!
<2022-08-24 02:35:27,976> :SOEProtocol: [INFO] Received Unknown SOEMessage 6400!
<2022-08-24 02:35:28,038> :SOEProtocol: [INFO] Received Unknown SOEMessage 6400!
<2022-08-24 02:35:28,116> :SOEProtocol: [INFO] Received Unknown SOEMessage 5!
<2022-08-24 02:35:28,255> :SOEProtocol: [INFO] Received Unknown SOEMessage 5!
<2022-08-24 02:35:28,456> :SOEProtocol: [INFO] Received Unknown SOEMessage 5!
<2022-08-24 02:35:28,548> :SOEProtocol: [INFO] Received Unknown SOEMessage 6400!
<2022-08-24 02:35:28,579> :SOEProtocol: [INFO] Received Unknown SOEMessage 5!
<2022-08-24 02:35:28,764> :SOEProtocol: [INFO] Received Unknown SOEMessage 5!
<2022-08-24 02:35:28,965> :SOEProtocol: [INFO] Received Unknown SOEMessage 5!
<2022-08-24 02:35:29,057> :SOEProtocol: [INFO] Received Unknown SOEMessage 6400!
<2022-08-24 02:35:29,182> :SOEProtocol: [INFO] Received Unknown SOEMessage 5!
<2022-08-24 02:35:29,259> :SOEProtocol: [INFO] Received Unknown SOEMessage 5!
<2022-08-24 02:35:29,476> :SOEProtocol: [INFO] Received Unknown SOEMessage 5!
<2022-08-24 02:35:29,569> :SOEProtocol: [INFO] Received Unknown SOEMessage 6400!
<2022-08-24 02:35:29,709> :SOEProtocol: [INFO] Received Unknown SOEMessage 6400!
<2022-08-24 02:35:29,724> :SOEProtocol: [INFO] Received Unknown SOEMessage 6400!
<2022-08-24 02:35:29,770> :SOEProtocol: [INFO] Received Unknown SOEMessage 6400!
<2022-08-24 02:35:29,833> :SOEProtocol: [INFO] Received Unknown SOEMessage 6400!
<2022-08-24 02:35:29,880> :SOEProtocol: [INFO] Received Unknown SOEMessage 6400!
<2022-08-24 02:35:29,943> :SOEProtocol: [INFO] Received Unknown SOEMessage 6400!
<2022-08-24 02:35:30,005> :SOEProtocol: [INFO] Received Unknown SOEMessage 6400!
<2022-08-24 02:35:30,113> :SOEProtocol: [INFO] Received Unknown SOEMessage 6400!
<2022-08-24 02:35:30,159> :SOEProtocol: [INFO] Received Unknown SOEMessage 6400!
<2022-08-24 02:35:30,299> :SOEProtocol: [INFO] Received Unknown SOEMessage 6400!
<2022-08-24 02:35:30,360> :SOEProtocol: [INFO] Received Unknown SOEMessage 6400!
<2022-08-24 02:35:30,422> :SOEProtocol: [INFO] Received Unknown SOEMessage 6400!
<2022-08-24 02:35:30,484> :SOEProtocol: [INFO] Received Unknown SOEMessage 6400!
<2022-08-24 02:35:30,546> :SOEProtocol: [INFO] Received Unknown SOEMessage 6400!
<2022-08-24 02:35:30,886> :SOEProtocol: [INFO] Received Unknown SOEMessage 6400!
<2022-08-24 02:35:31,026> :SOEProtocol: [INFO] Received Unknown SOEMessage 6400!
<2022-08-24 02:35:31,042> :SOEProtocol: [INFO] Received Unknown SOEMessage 5!
<2022-08-24 02:35:31,057> :SOEProtocol: [INFO] Received Unknown SOEMessage 6400!
<2022-08-24 02:35:31,103> :SOEProtocol: [INFO] Received Unknown SOEMessage 6400!
<2022-08-24 02:35:31,150> :SOEProtocol: [INFO] Received Unknown SOEMessage 6400!
<2022-08-24 02:35:31,212> :SOEProtocol: [INFO] Received Unknown SOEMessage 6400!
<2022-08-24 02:35:31,243> :SOEProtocol: [INFO] Received Unknown SOEMessage 6400!
<2022-08-24 02:35:31,273> :SOEProtocol: [INFO] Received Unknown SOEMessage 6400!
<2022-08-24 02:35:31,336> :SOEProtocol: [INFO] Received Unknown SOEMessage 6400!
<2022-08-24 02:35:31,460> :SOEProtocol: [INFO] Received Unknown SOEMessage 6400!
<2022-08-24 02:35:31,521> :SOEProtocol: [INFO] Received Unknown SOEMessage 6400!
<2022-08-24 02:35:31,600> :SOEProtocol: [INFO] Received Unknown SOEMessage 5!
<2022-08-24 02:35:31,615> :SOEProtocol: [INFO] Received Unknown SOEMessage 6400!
<2022-08-24 02:35:31,662> :SOEProtocol: [INFO] Received Unknown SOEMessage 6400!
<2022-08-24 02:35:31,724> :SOEProtocol: [INFO] Received Unknown SOEMessage 6400!
<2022-08-24 02:35:31,754> :SOEProtocol: [INFO] Received Unknown SOEMessage 6400!
<2022-08-24 02:35:31,785> :SOEProtocol: [INFO] Received Unknown SOEMessage 6400!
<2022-08-24 02:35:31,849> :SOEProtocol: [INFO] Received Unknown SOEMessage 6400!
<2022-08-24 02:35:32,066> :SOEProtocol: [INFO] Received Unknown SOEMessage 5!
<2022-08-24 02:35:32,267> :SOEProtocol: [INFO] Received Unknown SOEMessage 5!
<2022-08-24 02:35:32,361> :SOEProtocol: [INFO] Received Unknown SOEMessage 6400!
<2022-08-24 02:35:32,562> :SOEProtocol: [INFO] Received Unknown SOEMessage 5!
<2022-08-24 02:35:32,748> :SOEProtocol: [INFO] Received Unknown SOEMessage 5!
<2022-08-24 02:35:32,779> :SOEProtocol: [INFO] Received Unknown SOEMessage 5!
<2022-08-24 02:35:32,857> :SOEProtocol: [INFO] Received Unknown SOEMessage 6400!
<2022-08-24 02:35:33,061> :SOEProtocol: [INFO] Received Unknown SOEMessage 5!
<2022-08-24 02:35:33,278> :SOEProtocol: [INFO] Received Unknown SOEMessage 5!
<2022-08-24 02:35:33,355> :SOEProtocol: [INFO] Received Unknown SOEMessage 6400!
<2022-08-24 02:35:33,494> :SOEProtocol: [INFO] Received Unknown SOEMessage 5!
<2022-08-24 02:35:33,572> :SOEProtocol: [INFO] Received Unknown SOEMessage 5!
<2022-08-24 02:35:33,773> :SOEProtocol: [INFO] Received Unknown SOEMessage 5!
<2022-08-24 02:35:33,864> :SOEProtocol: [INFO] Received Unknown SOEMessage 6400!
<2022-08-24 02:35:34,093> :SOEProtocol: [INFO] Received Unknown SOEMessage 5!
<2022-08-24 02:35:34,280> :SOEProtocol: [INFO] Received Unknown SOEMessage 5!
<2022-08-24 02:35:34,342> :SOEProtocol: [INFO] Received Unknown SOEMessage 5!
<2022-08-24 02:35:34,373> :SOEProtocol: [INFO] Received Unknown SOEMessage 6400!
<2022-08-24 02:35:34,590> :SOEProtocol: [INFO] Received Unknown SOEMessage 5!
<2022-08-24 02:35:34,791> :SOEProtocol: [INFO] Received Unknown SOEMessage 5!
<2022-08-24 02:35:34,868> :SOEProtocol: [INFO] Received Unknown SOEMessage 6400!
<2022-08-24 02:35:35,008> :SOEProtocol: [INFO] Received Unknown SOEMessage 5!
<2022-08-24 02:35:35,086> :SOEProtocol: [INFO] Received Unknown SOEMessage 5!
<2022-08-24 02:35:35,288> :SOEProtocol: [INFO] Received Unknown SOEMessage 5!
<2022-08-24 02:35:35,381> :SOEProtocol: [INFO] Received Unknown SOEMessage 6400!
