<2022-08-24 01:37:15,051> :SOEServer: [INFO] Initializing server...
<2022-08-24 01:37:15,062> :SOEConnectionManager: [INFO] Service constructed
<2022-08-24 01:37:15,064> :SOEProtocol: [INFO] Service constructed
<2022-08-24 01:37:15,067> :SOEProtocol: [INFO] Using protocol -- CGAPI_527
<2022-08-24 01:37:15,068> :SOERoleManager: [INFO] Service constructed
<2022-08-24 01:37:15,068> :SOERoleManager: [INFO] Loading role: 'Gateway.dll'...
<2022-08-24 01:37:15,074> :Gateway: [INFO] Constructing gateway...
<2022-08-24 01:37:15,075> :LoginManager: [INFO] Service constructed
<2022-08-24 01:37:15,075> :Gateway: [INFO] Finished constructing gateway!
<2022-08-24 01:37:15,155> :SOEServer: [INFO] Finished initiating server!
<2022-08-24 01:37:15,699> :SOEServer: [INFO] Starting server threads...
<2022-08-24 01:37:15,704> :SOEServer: [INFO] Started listening!
<2022-08-24 01:37:20,103> :SOEConnectionManager: [INFO] New client connection from 127.0.0.1, (ID: 0)
<2022-08-24 01:37:20,161> :SOEProtocol: [INFO] Received 0x1, FR_PacketLogin!
<2022-08-24 01:37:20,296> :SOEDataChannel: [INFO] (Client 0) Data Ack
<2022-08-24 01:37:20,404> :SOEDataChannel: [INFO] (Client 0) Data Ack
<2022-08-24 01:37:20,513> :SOEDataChannel: [INFO] (Client 0) Data Ack
<2022-08-24 01:37:20,621> :SOEDataChannel: [INFO] (Client 0) Data Ack
<2022-08-24 01:37:20,748> :SOEDataChannel: [INFO] (Client 0) Data Ack
<2022-08-24 01:37:20,776> :SOEDataChannel: [INFO] (Client 0) Data Ack
<2022-08-24 01:37:20,806> :SOEDataChannel: [INFO] (Client 0) Data Ack
<2022-08-24 01:37:20,822> :SOEDataChannel: [INFO] (Client 0) Data Ack
<2022-08-24 01:37:20,838> :SOEDataChannel: [INFO] (Client 0) Data Ack
<2022-08-24 01:37:20,853> :SOEDataChannel: [INFO] (Client 0) Data Ack
<2022-08-24 01:37:20,853> :SOEDataChannel: [INFO] (Client 0) Data Ack
<2022-08-24 01:37:20,868> :SOEDataChannel: [INFO] (Client 0) Data Ack
<2022-08-24 01:37:20,900> :SOEDataChannel: [INFO] (Client 0) Data Ack
<2022-08-24 01:37:20,900> :SOEDataChannel: [INFO] (Client 0) Data Ack
<2022-08-24 01:37:20,915> :SOEDataChannel: [INFO] (Client 0) Data Ack
<2022-08-24 01:37:20,946> :SOEDataChannel: [INFO] (Client 0) Data Ack
<2022-08-24 01:37:20,946> :SOEDataChannel: [INFO] (Client 0) Data Ack
<2022-08-24 01:37:20,961> :SOEDataChannel: [INFO] (Client 0) Data Ack
<2022-08-24 01:37:20,976> :SOEDataChannel: [INFO] (Client 0) Data Ack
<2022-08-24 01:37:21,008> :SOEDataChannel: [INFO] (Client 0) Data Ack
<2022-08-24 01:37:21,008> :SOEDataChannel: [INFO] (Client 0) Data Ack
<2022-08-24 01:37:21,054> :SOEProtocol: [INFO] Received Unknown SOEMessage 6400!
<2022-08-24 01:37:21,070> :SOEDataChannel: [INFO] (Client 0) Data Ack
<2022-08-24 01:37:21,101> :SOEDataChannel: [INFO] (Client 0) Data Ack
<2022-08-24 01:37:21,116> :SOEDataChannel: [INFO] (Client 0) Data Ack
<2022-08-24 01:37:21,116> :SOEDataChannel: [INFO] (Client 0) Data Ack
<2022-08-24 01:37:21,195> :SOEDataChannel: [INFO] (Client 0) Data Ack
<2022-08-24 01:37:21,302> :SOEDataChannel: [INFO] (Client 0) Data Ack
<2022-08-24 01:37:21,410> :SOEDataChannel: [INFO] (Client 0) Data Ack
<2022-08-24 01:37:22,461> :SOEProtocol: [INFO] Received Unknown SOEMessage 6!
<2022-08-24 01:37:30,061> :SOEProtocol: [INFO] Received Unknown SOEMessage 5!
<2022-08-24 01:37:41,053> :SOEProtocol: [INFO] Received Unknown SOEMessage 5!
<2022-08-24 01:37:52,034> :SOEProtocol: [INFO] Received Unknown SOEMessage 5!
<2022-08-24 01:38:12,011> :SOEConnectionManager: [INFO] Disconnecting Idle client
<2022-08-24 01:38:12,012> :SOEConnectionManager: [INFO] Disconnecting client on 127.0.0.1 (ID: 0) for reason: Timeout
