<2022-08-24 01:17:42,137> :SOEServer: [INFO] Initializing server...
<2022-08-24 01:17:42,148> :SOEConnectionManager: [INFO] Service constructed
<2022-08-24 01:17:42,149> :SOEProtocol: [INFO] Service constructed
<2022-08-24 01:17:42,153> :SOEProtocol: [INFO] Using protocol -- CGAPI_527
<2022-08-24 01:17:42,153> :SOERoleManager: [INFO] Service constructed
<2022-08-24 01:17:42,154> :SOERoleManager: [INFO] Loading role: 'Gateway.dll'...
<2022-08-24 01:17:42,160> :Gateway: [INFO] Constructing gateway...
<2022-08-24 01:17:42,160> :LoginManager: [INFO] Service constructed
<2022-08-24 01:17:42,160> :Gateway: [INFO] Finished constructing gateway!
<2022-08-24 01:17:42,252> :SOEServer: [INFO] Finished initiating server!
<2022-08-24 01:17:42,256> :SOEServer: [INFO] Starting server threads...
<2022-08-24 01:17:42,261> :SOEServer: [INFO] Started listening!
<2022-08-24 01:18:15,828> :SOEConnectionManager: [INFO] New client connection from 127.0.0.1, (ID: 0)
<2022-08-24 01:18:15,886> :SOEProtocol: [INFO] Received 0x1, FR_PacketLogin!
<2022-08-24 01:18:16,021> :SOEDataChannel: [INFO] (Client 0) Data Ack
<2022-08-24 01:18:16,129> :SOEDataChannel: [INFO] (Client 0) Data Ack
<2022-08-24 01:18:16,238> :SOEDataChannel: [INFO] (Client 0) Data Ack
<2022-08-24 01:18:16,347> :SOEDataChannel: [INFO] (Client 0) Data Ack
<2022-08-24 01:18:16,485> :SOEDataChannel: [INFO] (Client 0) Data Ack
<2022-08-24 01:18:16,501> :SOEDataChannel: [INFO] (Client 0) Data Ack
<2022-08-24 01:18:16,516> :SOEDataChannel: [INFO] (Client 0) Data Ack
<2022-08-24 01:18:16,532> :SOEDataChannel: [INFO] (Client 0) Data Ack
<2022-08-24 01:18:16,563> :SOEDataChannel: [INFO] (Client 0) Data Ack
<2022-08-24 01:18:16,578> :SOEDataChannel: [INFO] (Client 0) Data Ack
<2022-08-24 01:18:16,578> :SOEDataChannel: [INFO] (Client 0) Data Ack
<2022-08-24 01:18:16,594> :SOEDataChannel: [INFO] (Client 0) Data Ack
<2022-08-24 01:18:16,624> :SOEDataChannel: [INFO] (Client 0) Data Ack
<2022-08-24 01:18:16,624> :SOEDataChannel: [INFO] (Client 0) Data Ack
<2022-08-24 01:18:16,656> :SOEDataChannel: [INFO] (Client 0) Data Ack
<2022-08-24 01:18:16,670> :SOEDataChannel: [INFO] (Client 0) Data Ack
<2022-08-24 01:18:16,685> :SOEDataChannel: [INFO] (Client 0) Data Ack
<2022-08-24 01:18:16,700> :SOEDataChannel: [INFO] (Client 0) Data Ack
<2022-08-24 01:18:16,730> :SOEDataChannel: [INFO] (Client 0) Data Ack
<2022-08-24 01:18:16,745> :SOEDataChannel: [INFO] (Client 0) Data Ack
<2022-08-24 01:18:16,745> :SOEDataChannel: [INFO] (Client 0) Data Ack
<2022-08-24 01:18:16,776> :SOEDataChannel: [INFO] (Client 0) Data Ack
<2022-08-24 01:18:16,791> :SOEProtocol: [INFO] Received Unknown SOEMessage 6400!
<2022-08-24 01:18:16,822> :SOEDataChannel: [INFO] (Client 0) Data Ack
<2022-08-24 01:18:16,822> :SOEDataChannel: [INFO] (Client 0) Data Ack
<2022-08-24 01:18:16,838> :SOEDataChannel: [INFO] (Client 0) Data Ack
<2022-08-24 01:18:16,853> :SOEDataChannel: [INFO] (Client 0) Data Ack
<2022-08-24 01:18:16,868> :SOEProtocol: [INFO] Received Unknown SOEMessage 6400!
<2022-08-24 01:18:16,932> :SOEDataChannel: [INFO] (Client 0) Data Ack
<2022-08-24 01:18:16,947> :SOEDataChannel: [INFO] (Client 0) Data Ack
<2022-08-24 01:18:17,041> :SOEDataChannel: [INFO] (Client 0) Data Ack
<2022-08-24 01:18:17,150> :SOEDataChannel: [INFO] (Client 0) Data Ack
<2022-08-24 01:18:23,123> :SOEProtocol: [INFO] Received Unknown SOEMessage 6!
<2022-08-24 01:18:26,074> :SOEProtocol: [INFO] Received Unknown SOEMessage 5!
